Determining if the pthread_create exist failed with the following output:
Change Dir: /home/model2/racecar-ws/build/CMakeFiles/CMakeTmp

Run Build Command:"/usr/bin/make" "cmTC_ae6e8/fast"
/usr/bin/make -f CMakeFiles/cmTC_ae6e8.dir/build.make CMakeFiles/cmTC_ae6e8.dir/build
make[1]: Entering directory '/home/model2/racecar-ws/build/CMakeFiles/CMakeTmp'
Building C object CMakeFiles/cmTC_ae6e8.dir/CheckSymbolExists.c.o
/usr/bin/cc    -o CMakeFiles/cmTC_ae6e8.dir/CheckSymbolExists.c.o   -c /home/model2/racecar-ws/build/CMakeFiles/CMakeTmp/CheckSymbolExists.c
Linking C executable cmTC_ae6e8
/usr/bin/cmake -E cmake_link_script CMakeFiles/cmTC_ae6e8.dir/link.txt --verbose=1
/usr/bin/cc      -rdynamic CMakeFiles/cmTC_ae6e8.dir/CheckSymbolExists.c.o  -o cmTC_ae6e8 
CMakeFiles/cmTC_ae6e8.dir/CheckSymbolExists.c.o: In function `main':
CheckSymbolExists.c:(.text+0x14): undefined reference to `pthread_create'
CheckSymbolExists.c:(.text+0x18): undefined reference to `pthread_create'
collect2: error: ld returned 1 exit status
CMakeFiles/cmTC_ae6e8.dir/build.make:97: recipe for target 'cmTC_ae6e8' failed
make[1]: *** [cmTC_ae6e8] Error 1
make[1]: Leaving directory '/home/model2/racecar-ws/build/CMakeFiles/CMakeTmp'
Makefile:126: recipe for target 'cmTC_ae6e8/fast' failed
make: *** [cmTC_ae6e8/fast] Error 2

File /home/model2/racecar-ws/build/CMakeFiles/CMakeTmp/CheckSymbolExists.c:
/* */
#include <pthread.h>

int main(int argc, char** argv)
{
  (void)argv;
#ifndef pthread_create
  return ((int*)(&pthread_create))[argc];
#else
  (void)argc;
  return 0;
#endif
}

Determining if the function pthread_create exists in the pthreads failed with the following output:
Change Dir: /home/model2/racecar-ws/build/CMakeFiles/CMakeTmp

Run Build Command:"/usr/bin/make" "cmTC_0f1c5/fast"
/usr/bin/make -f CMakeFiles/cmTC_0f1c5.dir/build.make CMakeFiles/cmTC_0f1c5.dir/build
make[1]: Entering directory '/home/model2/racecar-ws/build/CMakeFiles/CMakeTmp'
Building C object CMakeFiles/cmTC_0f1c5.dir/CheckFunctionExists.c.o
/usr/bin/cc   -DCHECK_FUNCTION_EXISTS=pthread_create   -o CMakeFiles/cmTC_0f1c5.dir/CheckFunctionExists.c.o   -c /usr/share/cmake-3.10/Modules/CheckFunctionExists.c
Linking C executable cmTC_0f1c5
/usr/bin/cmake -E cmake_link_script CMakeFiles/cmTC_0f1c5.dir/link.txt --verbose=1
/usr/bin/cc  -DCHECK_FUNCTION_EXISTS=pthread_create    -rdynamic CMakeFiles/cmTC_0f1c5.dir/CheckFunctionExists.c.o  -o cmTC_0f1c5 -lpthreads 
/usr/bin/ld: cannot find -lpthreads
collect2: error: ld returned 1 exit status
CMakeFiles/cmTC_0f1c5.dir/build.make:97: recipe for target 'cmTC_0f1c5' failed
make[1]: *** [cmTC_0f1c5] Error 1
make[1]: Leaving directory '/home/model2/racecar-ws/build/CMakeFiles/CMakeTmp'
Makefile:126: recipe for target 'cmTC_0f1c5/fast' failed
make: *** [cmTC_0f1c5/fast] Error 2


